A D/Base////
A D/BaseNumerics////
A D/BaseSpatialObject////
A D/BaseTransforms////
A D/BinaryMorphology////
A D/Calculators////
A D/Compose////
A D/DeformableTransforms////
A D/Denoising////
A D/DistanceMap////
A D/EdgesAndContours////
A D/FFT////
A D/FFTW////
A D/Filtering////
A D/IO////
A D/IntensityFilters////
A D/Interpolators////
A D/Iterators////
A D/LevelSet////
A D/Morphology////
A D/Patented////
A D/PixelMath////
A D/Registration////
A D/Resize////
A D/Review////
A D/SegmentationAndThreshold////
A D/SegmentationValidation////
A D/SimpleFilters////
A D/UnaryPixelMath////
A D/VXLNumerics////
