A D/AnisotropicDiffusionFltkGui////
A D/AnisotropicDiffusionImageFilter////
A D/AntiAliasBinaryImageFilter////
A D/BasicIOAndFilter////
A D/Curves2DExtractor////
A D/DICOMApp////
A D/DicomImageViewer////
A D/DistanceMapFilter////
A D/EdgeDetection////
A D/EllipsoidInteriorExteriorSpatialFunction////
A D/ExtractImageRegion////
A D/FEM////
A D/FEMMesh////
A D/FastMarchingLevelSet////
A D/FloodFilledSpatialFunction////
A D/FuzzyConnectedness////
A D/GPDM2DTest////
A D/GPDM3DTest////
A D/GaussianFilter////
A D/GaussianMinimumErrorClassifier////
A D/GeodesicActiveContour////
A D/GradientMagnitudeImageFilter////
A D/GradientRecursiveGaussianFilter////
A D/IBSRValidation////
A D/ITKFilterLib////
A D/ITKRegistrationLib////
A D/ImageRegistration////
A D/ImageRegistration2D////
A D/ImageViewer////
A D/LevelSetSegmentation////
A D/MIValidation////
A D/MRIBiasCorrection////
A D/MRIRegistration////
A D/MatroxInput////
A D/MetaImageColorViewer////
A D/MetaImageImporter////
A D/MetaImageReadWrite////
A D/MetaImageViewer////
A D/Morphogenesis////
A D/MultiResMIRegistration////
A D/MultichannelTissueClassificationValidation////
A D/MutualInformationEuler2DRegistration////
A D/OperatingRoom////
A D/PNGImageReadWrite////
A D/PrincipalAxes////
A D/QtITK////
A D/RawImageReadWrite////
A D/RawImageReaderViewer////
A D/RegionGrowingSegmentation////
A D/SampleProject////
A D/SegmentationEditor////
A D/ShapeDetection////
A D/ShapeDetectionLevelSet////
A D/SimpleFuzzyConnectedness////
A D/SimpleLevelSetsExample////
A D/StreamedWatershedSegmentation////
A D/SurfaceGenerator////
A D/SymmetricEllipsoidInteriorExteriorSpatialFunction////
A D/TclWrappedGaussianFilter////
A D/TclWrappedImage////
A D/TclWrappedSTLString////
A D/ThinPlateSplines////
A D/ThresholdSegmentationLevelSet////
A D/TripleTKImageDisplay////
A D/VoronoiSegmentation////
A D/WatershedSegmentation////
A D/vtkITK////
